{
  "RSpec": {
    "coverage": {
      "/home/cezarvaz/workspace/socialrecipes/app/helpers/application_helper.rb": [
        1,
        null
      ],
      "/home/cezarvaz/workspace/socialrecipes/app/models/cuisine.rb": [
        1,
        1,
        1,
        null
      ],
      "/home/cezarvaz/workspace/socialrecipes/app/models/preference.rb": [
        1,
        1,
        1,
        null
      ],
      "/home/cezarvaz/workspace/socialrecipes/app/models/recipe.rb": [
        1,
        1,
        null,
        1,
        null,
        null,
        1,
        1,
        1,
        1,
        null
      ],
      "/home/cezarvaz/workspace/socialrecipes/app/models/type.rb": [
        1,
        1,
        1,
        null
      ],
      "/home/cezarvaz/workspace/socialrecipes/app/controllers/cuisines_controller.rb": [
        1,
        1,
        null,
        1,
        null,
        null,
        1,
        2,
        null,
        null,
        1,
        2,
        2,
        1,
        null,
        1,
        null,
        null,
        null,
        1,
        null,
        1,
        0,
        null,
        null,
        1,
        null,
        2,
        null,
        null
      ],
      "/home/cezarvaz/workspace/socialrecipes/app/controllers/application_controller.rb": [
        1,
        null,
        null,
        1,
        null
      ],
      "/home/cezarvaz/workspace/socialrecipes/app/controllers/home_controller.rb": [
        1,
        1,
        4,
        4,
        4,
        4,
        null,
        null
      ],
      "/home/cezarvaz/workspace/socialrecipes/app/controllers/preferences_controller.rb": [
        1,
        1,
        null,
        1,
        null,
        null,
        1,
        2,
        null,
        null,
        1,
        2,
        2,
        1,
        null,
        1,
        null,
        null,
        null,
        1,
        null,
        1,
        0,
        null,
        null,
        1,
        null,
        2,
        null,
        null
      ],
      "/home/cezarvaz/workspace/socialrecipes/app/controllers/types_controller.rb": [
        1,
        1,
        null,
        1,
        null,
        null,
        1,
        2,
        null,
        null,
        1,
        2,
        2,
        1,
        null,
        1,
        null,
        null,
        null,
        1,
        null,
        1,
        0,
        null,
        null,
        1,
        null,
        2,
        null,
        null
      ],
      "/home/cezarvaz/workspace/socialrecipes/app/controllers/recipes_controller.rb": [
        1,
        1,
        1,
        null,
        1,
        null,
        null,
        1,
        3,
        null,
        null,
        1,
        3,
        3,
        2,
        null,
        1,
        null,
        null,
        null,
        1,
        null,
        1,
        2,
        null,
        null,
        1,
        2,
        2,
        2,
        null,
        null,
        1,
        null,
        3,
        null,
        null,
        null,
        null
      ]
    },
    "timestamp": 1455493799
  }
}
