{
  "RSpec": {
    "coverage": {
      "/home/cezarvaz/workspace/socialrecipes/app/helpers/application_helper.rb": [
        1,
        null
      ],
      "/home/cezarvaz/workspace/socialrecipes/app/models/recipe.rb": [
        1,
        1,
        null,
        1,
        null,
        null,
        null,
        1,
        null
      ],
      "/home/cezarvaz/workspace/socialrecipes/app/controllers/recipes_controller.rb": [
        1,
        1,
        null,
        1,
        null,
        null,
        1,
        3,
        null,
        null,
        1,
        3,
        3,
        2,
        null,
        1,
        null,
        null,
        null,
        1,
        null,
        1,
        2,
        null,
        null,
        1,
        null,
        3,
        null,
        null,
        null,
        null
      ],
      "/home/cezarvaz/workspace/socialrecipes/app/controllers/application_controller.rb": [
        1,
        null,
        null,
        1,
        null
      ]
    },
    "timestamp": 1455158668
  }
}
